\BOOKMARK [0][-]{chapter*.2}{}{}% 1
\BOOKMARK [0][-]{chapter.1}{R語言101}{}% 2
\BOOKMARK [1][-]{section.1.1}{什麼是R語言}{chapter.1}% 3
\BOOKMARK [1][-]{section.1.2}{函數使用}{chapter.1}% 4
\BOOKMARK [1][-]{section.1.3}{變數設定}{chapter.1}% 5
\BOOKMARK [1][-]{section.1.4}{執行視窗}{chapter.1}% 6
\BOOKMARK [1][-]{section.1.5}{資料型態}{chapter.1}% 7
\BOOKMARK [1][-]{section.1.6}{基本運算子}{chapter.1}% 8
\BOOKMARK [1][-]{section.1.7}{錯誤訊息}{chapter.1}% 9
\BOOKMARK [1][-]{section.1.8}{Help}{chapter.1}% 10
\BOOKMARK [0][-]{chapter.2}{R 資料結構}{}% 11
\BOOKMARK [1][-]{section.2.1}{向量 vector}{chapter.2}% 12
\BOOKMARK [1][-]{section.2.2}{因子 factor}{chapter.2}% 13
\BOOKMARK [1][-]{section.2.3}{列表 list}{chapter.2}% 14
\BOOKMARK [1][-]{section.2.4}{矩陣 matrix}{chapter.2}% 15
\BOOKMARK [1][-]{section.2.5}{資料框 data.frame}{chapter.2}% 16
\BOOKMARK [1][-]{section.2.6}{資料表 data.table}{chapter.2}% 17
\BOOKMARK [1][-]{section.2.7}{資料屬性查詢函數}{chapter.2}% 18
\BOOKMARK [0][-]{chapter.3}{控制流程}{}% 19
\BOOKMARK [1][-]{section.3.1}{條件判斷}{chapter.3}% 20
\BOOKMARK [1][-]{section.3.2}{迴圈}{chapter.3}% 21
\BOOKMARK [1][-]{section.3.3}{purrr}{chapter.3}% 22
\BOOKMARK [0][-]{chapter.4}{函數}{}% 23
\BOOKMARK [0][-]{chapter.5}{資料讀取與匯出}{}% 24
\BOOKMARK [1][-]{section.5.1}{從檔案匯入基本資料格式}{chapter.5}% 25
\BOOKMARK [1][-]{section.5.2}{從網路匯入資料}{chapter.5}% 26
\BOOKMARK [1][-]{section.5.3}{Facebook資料擷取}{chapter.5}% 27
\BOOKMARK [1][-]{section.5.4}{資料匯出}{chapter.5}% 28
\BOOKMARK [0][-]{chapter.6}{資料處理與清洗}{}% 29
\BOOKMARK [1][-]{section.6.1}{Tidy\040Data}{chapter.6}% 30
\BOOKMARK [1][-]{section.6.2}{資料型別轉換處理}{chapter.6}% 31
\BOOKMARK [1][-]{section.6.3}{文字字串處理}{chapter.6}% 32
\BOOKMARK [1][-]{section.6.4}{子集Subset}{chapter.6}% 33
\BOOKMARK [1][-]{section.6.5}{排序}{chapter.6}% 34
\BOOKMARK [1][-]{section.6.6}{資料組合}{chapter.6}% 35
\BOOKMARK [1][-]{section.6.7}{長表與寬表}{chapter.6}% 36
\BOOKMARK [1][-]{section.6.8}{遺漏值處理}{chapter.6}% 37
\BOOKMARK [1][-]{section.6.9}{綜合練習範例Case study}{chapter.6}% 38
\BOOKMARK [0][-]{chapter.7}{探索式資料分析}{}% 39
\BOOKMARK [1][-]{section.7.1}{什麼是探索式資料分析}{chapter.7}% 40
\BOOKMARK [1][-]{section.7.2}{data.table}{chapter.7}% 41
\BOOKMARK [1][-]{section.7.3}{dplyr}{chapter.7}% 42
\BOOKMARK [0][-]{chapter.8}{資料視覺化}{}% 43
\BOOKMARK [1][-]{section.8.1}{資料視覺化的目的}{chapter.8}% 44
\BOOKMARK [1][-]{section.8.2}{ggplot2簡介}{chapter.8}% 45
\BOOKMARK [1][-]{section.8.3}{ggplot2+地圖}{chapter.8}% 46
\BOOKMARK [1][-]{section.8.4}{Taiwan的面量圖}{chapter.8}% 47
