\BOOKMARK [0][-]{chapter*.2}{}{}% 1
\BOOKMARK [0][-]{chapter.1}{R語言101}{}% 2
\BOOKMARK [1][-]{section.1.1}{什麼是R語言}{chapter.1}% 3
\BOOKMARK [1][-]{section.1.2}{函數使用}{chapter.1}% 4
\BOOKMARK [1][-]{section.1.3}{變數設定}{chapter.1}% 5
\BOOKMARK [1][-]{section.1.4}{執行視窗}{chapter.1}% 6
\BOOKMARK [1][-]{section.1.5}{資料型態}{chapter.1}% 7
\BOOKMARK [1][-]{section.1.6}{基本運算子}{chapter.1}% 8
\BOOKMARK [1][-]{section.1.7}{錯誤訊息}{chapter.1}% 9
\BOOKMARK [1][-]{section.1.8}{Help}{chapter.1}% 10
\BOOKMARK [0][-]{chapter.2}{R 資料結構}{}% 11
\BOOKMARK [1][-]{section.2.1}{向量 vector}{chapter.2}% 12
\BOOKMARK [1][-]{section.2.2}{因子 factor}{chapter.2}% 13
\BOOKMARK [1][-]{section.2.3}{列表 list}{chapter.2}% 14
\BOOKMARK [1][-]{section.2.4}{矩陣 matrix}{chapter.2}% 15
\BOOKMARK [1][-]{section.2.5}{資料框 data.frame}{chapter.2}% 16
\BOOKMARK [1][-]{section.2.6}{資料表 data.table}{chapter.2}% 17
\BOOKMARK [1][-]{section.2.7}{資料屬性查詢函數}{chapter.2}% 18
\BOOKMARK [0][-]{chapter.3}{控制流程}{}% 19
\BOOKMARK [1][-]{section.3.1}{條件判斷}{chapter.3}% 20
\BOOKMARK [1][-]{section.3.2}{迴圈}{chapter.3}% 21
\BOOKMARK [0][-]{chapter.4}{資料讀取與匯出}{}% 22
\BOOKMARK [1][-]{section.4.1}{從檔案匯入基本資料格式}{chapter.4}% 23
\BOOKMARK [1][-]{section.4.2}{從網路匯入資料}{chapter.4}% 24
\BOOKMARK [1][-]{section.4.3}{Facebook資料擷取}{chapter.4}% 25
\BOOKMARK [1][-]{section.4.4}{資料匯出}{chapter.4}% 26
\BOOKMARK [0][-]{chapter.5}{資料處理與清洗}{}% 27
\BOOKMARK [1][-]{section.5.1}{Tidy\040Data}{chapter.5}% 28
\BOOKMARK [1][-]{section.5.2}{資料型別轉換處理}{chapter.5}% 29
\BOOKMARK [1][-]{section.5.3}{文字字串處理}{chapter.5}% 30
\BOOKMARK [1][-]{section.5.4}{子集Subset}{chapter.5}% 31
\BOOKMARK [1][-]{section.5.5}{排序}{chapter.5}% 32
\BOOKMARK [1][-]{section.5.6}{資料組合}{chapter.5}% 33
\BOOKMARK [1][-]{section.5.7}{長表與寬表}{chapter.5}% 34
\BOOKMARK [1][-]{section.5.8}{遺漏值處理}{chapter.5}% 35
\BOOKMARK [1][-]{section.5.9}{綜合練習範例}{chapter.5}% 36
\BOOKMARK [0][-]{chapter.6}{探索式資料分析}{}% 37
\BOOKMARK [1][-]{section.6.1}{資料內容初步分析統計}{chapter.6}% 38
\BOOKMARK [1][-]{section.6.2}{data.table}{chapter.6}% 39
\BOOKMARK [0][-]{chapter.7}{資料視覺化}{}% 40
\BOOKMARK [0][-]{chapter.8}{從小數據到大數據分析}{}% 41
\BOOKMARK [1][-]{section.8.1}{R\040+\040Hadoop}{chapter.8}% 42
\BOOKMARK [1][-]{section.8.2}{RHadoop安裝測試流程 \(Cloudera\)}{chapter.8}% 43
\BOOKMARK [1][-]{section.8.3}{RHadoop\040MapReduce:\040easy\040word\040count}{chapter.8}% 44
\BOOKMARK [1][-]{section.8.4}{R\040+\040Spark}{chapter.8}% 45
\BOOKMARK [0][-]{chapter.9}{軟體安裝}{}% 46
\BOOKMARK [1][-]{section.9.1}{R}{chapter.9}% 47
\BOOKMARK [1][-]{section.9.2}{RStudio}{chapter.9}% 48
\BOOKMARK [0][-]{chapter*.3}{作者資訊}{}% 49
